Sat, 08 Feb 2014 13:46:39 +0000	[2]fsockopen() [<a href='function.fsockopen'>function.fsockopen</a>]: unable to connect to :25 (由于目标计算机积极拒绝，无法连接。
)	\includes\libraries\class.smtp.php	89
Sat, 08 Feb 2014 14:36:25 +0000	[2]fsockopen() [<a href='function.fsockopen'>function.fsockopen</a>]: unable to connect to :25 (由于目标计算机积极拒绝，无法连接。
)	\includes\libraries\class.smtp.php	89
Sat, 08 Feb 2014 14:50:35 +0000	[2]fsockopen() [<a href='function.fsockopen'>function.fsockopen</a>]: unable to connect to :25 (由于目标计算机积极拒绝，无法连接。
)	\includes\libraries\class.smtp.php	89
Sat, 08 Feb 2014 14:56:10 +0000	[2]fsockopen() [<a href='function.fsockopen'>function.fsockopen</a>]: unable to connect to :25 (由于目标计算机积极拒绝，无法连接。
)	\includes\libraries\class.smtp.php	89
Sat, 08 Feb 2014 14:56:13 +0000	[2]fsockopen() [<a href='function.fsockopen'>function.fsockopen</a>]: unable to connect to :25 (由于目标计算机积极拒绝，无法连接。
)	\includes\libraries\class.smtp.php	89
Sat, 08 Feb 2014 14:57:33 +0000	[2]fsockopen() [<a href='function.fsockopen'>function.fsockopen</a>]: unable to connect to :25 (由于目标计算机积极拒绝，无法连接。
)	\includes\libraries\class.smtp.php	89
Sat, 08 Feb 2014 15:10:27 +0000	[2]fsockopen() [<a href='function.fsockopen'>function.fsockopen</a>]: unable to connect to :25 (由于目标计算机积极拒绝，无法连接。
)	\includes\libraries\class.smtp.php	89
Sat, 08 Feb 2014 15:12:53 +0000	[2]fsockopen() [<a href='function.fsockopen'>function.fsockopen</a>]: unable to connect to :25 (由于目标计算机积极拒绝，无法连接。
)	\includes\libraries\class.smtp.php	89
Sun, 09 Feb 2014 02:17:09 +0000	[2]fsockopen() [<a href='function.fsockopen'>function.fsockopen</a>]: unable to connect to :25 (由于目标计算机积极拒绝，无法连接。
)	\includes\libraries\class.smtp.php	89
Sun, 09 Feb 2014 02:18:44 +0000	[2]fsockopen() [<a href='function.fsockopen'>function.fsockopen</a>]: unable to connect to :25 (由于目标计算机积极拒绝，无法连接。
)	\includes\libraries\class.smtp.php	89
Sun, 09 Feb 2014 02:18:48 +0000	[2]fsockopen() [<a href='function.fsockopen'>function.fsockopen</a>]: unable to connect to :25 (由于目标计算机积极拒绝，无法连接。
)	\includes\libraries\class.smtp.php	89
Sun, 09 Feb 2014 02:20:24 +0000	[2]fsockopen() [<a href='function.fsockopen'>function.fsockopen</a>]: unable to connect to :25 (由于目标计算机积极拒绝，无法连接。
)	\includes\libraries\class.smtp.php	89
Sun, 09 Feb 2014 02:22:27 +0000	[2]fsockopen() [<a href='function.fsockopen'>function.fsockopen</a>]: unable to connect to :25 (由于目标计算机积极拒绝，无法连接。
)	\includes\libraries\class.smtp.php	89
Sun, 09 Feb 2014 02:22:52 +0000	[2]fsockopen() [<a href='function.fsockopen'>function.fsockopen</a>]: unable to connect to :25 (由于目标计算机积极拒绝，无法连接。
)	\includes\libraries\class.smtp.php	89
Sun, 09 Feb 2014 02:33:41 +0000	[2]fsockopen() [<a href='function.fsockopen'>function.fsockopen</a>]: unable to connect to :25 (由于目标计算机积极拒绝，无法连接。
)	\includes\libraries\class.smtp.php	89
Sun, 09 Feb 2014 02:35:58 +0000	[2]fsockopen() [<a href='function.fsockopen'>function.fsockopen</a>]: unable to connect to :25 (由于目标计算机积极拒绝，无法连接。
)	\includes\libraries\class.smtp.php	89
Sun, 09 Feb 2014 02:36:42 +0000	[2]fsockopen() [<a href='function.fsockopen'>function.fsockopen</a>]: unable to connect to :25 (由于目标计算机积极拒绝，无法连接。
)	\includes\libraries\class.smtp.php	89
Sun, 09 Feb 2014 02:39:47 +0000	[2]fsockopen() [<a href='function.fsockopen'>function.fsockopen</a>]: unable to connect to :25 (由于目标计算机积极拒绝，无法连接。
)	\includes\libraries\class.smtp.php	89
Sun, 09 Feb 2014 02:42:04 +0000	[2]fsockopen() [<a href='function.fsockopen'>function.fsockopen</a>]: unable to connect to :25 (由于目标计算机积极拒绝，无法连接。
)	\includes\libraries\class.smtp.php	89
Sun, 09 Feb 2014 02:45:48 +0000	[2]fsockopen() [<a href='function.fsockopen'>function.fsockopen</a>]: unable to connect to :25 (由于目标计算机积极拒绝，无法连接。
)	\includes\libraries\class.smtp.php	89
Sun, 09 Feb 2014 02:46:09 +0000	[2]fsockopen() [<a href='function.fsockopen'>function.fsockopen</a>]: unable to connect to :25 (由于目标计算机积极拒绝，无法连接。
)	\includes\libraries\class.smtp.php	89
Sun, 09 Feb 2014 02:46:15 +0000	[2]fsockopen() [<a href='function.fsockopen'>function.fsockopen</a>]: unable to connect to :25 (由于目标计算机积极拒绝，无法连接。
)	\includes\libraries\class.smtp.php	89
Sun, 09 Feb 2014 02:49:13 +0000	[2]fsockopen() [<a href='function.fsockopen'>function.fsockopen</a>]: unable to connect to :25 (由于目标计算机积极拒绝，无法连接。
)	\includes\libraries\class.smtp.php	89
Sun, 09 Feb 2014 02:49:17 +0000	[2]fsockopen() [<a href='function.fsockopen'>function.fsockopen</a>]: unable to connect to :25 (由于目标计算机积极拒绝，无法连接。
)	\includes\libraries\class.smtp.php	89
Sun, 09 Feb 2014 02:49:21 +0000	[2]fsockopen() [<a href='function.fsockopen'>function.fsockopen</a>]: unable to connect to :25 (由于目标计算机积极拒绝，无法连接。
)	\includes\libraries\class.smtp.php	89
Sun, 09 Feb 2014 02:49:24 +0000	[2]fsockopen() [<a href='function.fsockopen'>function.fsockopen</a>]: unable to connect to :25 (由于目标计算机积极拒绝，无法连接。
)	\includes\libraries\class.smtp.php	89
Sun, 09 Feb 2014 02:50:35 +0000	[2]fsockopen() [<a href='function.fsockopen'>function.fsockopen</a>]: unable to connect to :25 (由于目标计算机积极拒绝，无法连接。
)	\includes\libraries\class.smtp.php	89
Sun, 09 Feb 2014 02:52:28 +0000	[2]fsockopen() [<a href='function.fsockopen'>function.fsockopen</a>]: unable to connect to :25 (由于目标计算机积极拒绝，无法连接。
)	\includes\libraries\class.smtp.php	89
Sun, 09 Feb 2014 02:52:32 +0000	[2]fsockopen() [<a href='function.fsockopen'>function.fsockopen</a>]: unable to connect to :25 (由于目标计算机积极拒绝，无法连接。
)	\includes\libraries\class.smtp.php	89
Mon, 10 Feb 2014 07:39:51 +0000	[2]fsockopen() [<a href='function.fsockopen'>function.fsockopen</a>]: unable to connect to :25 (由于目标计算机积极拒绝，无法连接。
)	\includes\libraries\class.smtp.php	89
Mon, 10 Feb 2014 14:00:24 +0000	[2]file_get_contents(D:\wamp\www\ecmall/external/widgets/top_left/main.widget.php) [<a href='function.file-get-contents'>function.file-get-contents</a>]: failed to open stream: No such file or directory	\admin\app\widget.app.php	37
Mon, 10 Feb 2014 14:01:19 +0000	[2]file_get_contents(D:\wamp\www\ecmall/external/widgets/top_left/main.widget.php) [<a href='function.file-get-contents'>function.file-get-contents</a>]: failed to open stream: No such file or directory	\admin\app\widget.app.php	37
Wed, 12 Feb 2014 13:50:11 +0000	[256]MySQL Error[1054]: Unknown column 'seller_area' in 'field list'
MySQL Query:UPDATE ecm_store SET store_name='qweqweqwe',region_id='13',region_name='宸澶у	″',description='',address='sdasdas',tel='18280196872',im_qq='',im_ww='',domain='',enable_groupbuy='1',enable_radar='1',seller_area='2,5' WHERE store_id = 1
Wrong File:  D:\wamp\www\ecmall\eccore\model\model.base.php[523]	\eccore\model\mysql.php	286
Thu, 13 Feb 2014 06:46:23 +0000	[2]explode() expects parameter 2 to be string, array given	\app\my_store.app.php	81
Thu, 13 Feb 2014 08:04:05 +0000	[2]explode() expects parameter 2 to be string, array given	\admin\app\store.app.php	396
Thu, 13 Feb 2014 13:42:03 +0000	[2]include(AREA) [<a href='function.include'>function.include</a>]: failed to open stream: No such file or directory	\eccore\ecmall.php	1808
Thu, 13 Feb 2014 13:42:04 +0000	[2]include(AREA) [<a href='function.include'>function.include</a>]: failed to open stream: No such file or directory	\eccore\ecmall.php	1808
Mon, 17 Feb 2014 03:39:29 +0000	[2]preg_match() [<a href='function.preg-match'>function.preg-match</a>]: Compilation failed: nothing to repeat at offset 1	\wechat.php	60
Mon, 17 Feb 2014 03:39:33 +0000	[2]preg_match() [<a href='function.preg-match'>function.preg-match</a>]: Compilation failed: nothing to repeat at offset 1	\wechat.php	60
Mon, 17 Feb 2014 03:39:34 +0000	[2]preg_match() [<a href='function.preg-match'>function.preg-match</a>]: Compilation failed: nothing to repeat at offset 1	\wechat.php	60
Mon, 17 Feb 2014 03:39:35 +0000	[2]preg_match() [<a href='function.preg-match'>function.preg-match</a>]: Compilation failed: nothing to repeat at offset 1	\wechat.php	60
Mon, 17 Feb 2014 03:39:49 +0000	[2]preg_match() [<a href='function.preg-match'>function.preg-match</a>]: Compilation failed: nothing to repeat at offset 1	\wechat.php	60
Mon, 17 Feb 2014 03:40:43 +0000	[2]preg_match() [<a href='function.preg-match'>function.preg-match</a>]: Compilation failed: nothing to repeat at offset 1	\wechat.php	60
Mon, 17 Feb 2014 03:41:14 +0000	[2]preg_match() [<a href='function.preg-match'>function.preg-match</a>]: Compilation failed: nothing to repeat at offset 1	\wechat.php	60
Mon, 17 Feb 2014 03:42:01 +0000	[2]preg_match() [<a href='function.preg-match'>function.preg-match</a>]: Compilation failed: nothing to repeat at offset 1	\wechat.php	60
Mon, 17 Feb 2014 03:42:03 +0000	[2]preg_match() [<a href='function.preg-match'>function.preg-match</a>]: Compilation failed: nothing to repeat at offset 1	\wechat.php	60
Mon, 17 Feb 2014 03:42:04 +0000	[2]preg_match() [<a href='function.preg-match'>function.preg-match</a>]: Compilation failed: nothing to repeat at offset 1	\wechat.php	60
Mon, 17 Feb 2014 03:42:05 +0000	[2]preg_match() [<a href='function.preg-match'>function.preg-match</a>]: Compilation failed: nothing to repeat at offset 1	\wechat.php	60
Mon, 17 Feb 2014 03:43:00 +0000	[2]preg_match() [<a href='function.preg-match'>function.preg-match</a>]: Compilation failed: nothing to repeat at offset 1	\wechat.php	60
Mon, 17 Feb 2014 03:43:01 +0000	[2]preg_match() [<a href='function.preg-match'>function.preg-match</a>]: Compilation failed: nothing to repeat at offset 1	\wechat.php	60
Mon, 17 Feb 2014 03:43:01 +0000	[2]preg_match() [<a href='function.preg-match'>function.preg-match</a>]: Compilation failed: nothing to repeat at offset 1	\wechat.php	60
Mon, 17 Feb 2014 03:43:02 +0000	[2]preg_match() [<a href='function.preg-match'>function.preg-match</a>]: Compilation failed: nothing to repeat at offset 1	\wechat.php	60
Mon, 17 Feb 2014 03:43:02 +0000	[2]preg_match() [<a href='function.preg-match'>function.preg-match</a>]: Compilation failed: nothing to repeat at offset 1	\wechat.php	60
Mon, 17 Feb 2014 03:43:02 +0000	[2]preg_match() [<a href='function.preg-match'>function.preg-match</a>]: Compilation failed: nothing to repeat at offset 1	\wechat.php	60
Mon, 17 Feb 2014 03:43:02 +0000	[2]preg_match() [<a href='function.preg-match'>function.preg-match</a>]: Compilation failed: nothing to repeat at offset 1	\wechat.php	60
Mon, 17 Feb 2014 05:16:44 +0000	[2]preg_match() [<a href='function.preg-match'>function.preg-match</a>]: Compilation failed: nothing to repeat at offset 1	\wechat.php	60
Mon, 17 Feb 2014 05:16:45 +0000	[2]preg_match() [<a href='function.preg-match'>function.preg-match</a>]: Compilation failed: nothing to repeat at offset 1	\wechat.php	60
Mon, 17 Feb 2014 05:30:10 +0000	[2]preg_match() [<a href='function.preg-match'>function.preg-match</a>]: Compilation failed: nothing to repeat at offset 1	\wechat.php	60
Mon, 17 Feb 2014 05:31:01 +0000	[2]preg_match() [<a href='function.preg-match'>function.preg-match</a>]: Compilation failed: nothing to repeat at offset 1	\wechat.php	62
Tue, 18 Feb 2014 13:23:57 +0000	[256]MySQL Error[1054]: Unknown column 'member.user_name' in 'field list'
MySQL Query:SELECT member_wechat.*, member.user_name, member.email, member.real_name,member_wechat.user_id FROM ecm_member_wechat member_wechat WHERE openid = '1'
Wrong File:  D:\wamp\www\ecmall\eccore\model\mysql.php[534]	\eccore\model\mysql.php	286
Wed, 19 Feb 2014 13:25:21 +0000	[2]fsockopen() [<a href='function.fsockopen'>function.fsockopen</a>]: unable to connect to :25 (由于目标计算机积极拒绝，无法连接。
)	\includes\libraries\class.smtp.php	89
Wed, 19 Feb 2014 13:34:07 +0000	[2]fsockopen() [<a href='function.fsockopen'>function.fsockopen</a>]: unable to connect to :25 (由于目标计算机积极拒绝，无法连接。
)	\includes\libraries\class.smtp.php	89
Wed, 19 Feb 2014 13:34:38 +0000	[2]fsockopen() [<a href='function.fsockopen'>function.fsockopen</a>]: unable to connect to :25 (由于目标计算机积极拒绝，无法连接。
)	\includes\libraries\class.smtp.php	89
Wed, 19 Feb 2014 13:34:43 +0000	[2]fsockopen() [<a href='function.fsockopen'>function.fsockopen</a>]: unable to connect to :25 (由于目标计算机积极拒绝，无法连接。
)	\includes\libraries\class.smtp.php	89
Wed, 19 Feb 2014 13:36:13 +0000	[2]fsockopen() [<a href='function.fsockopen'>function.fsockopen</a>]: unable to connect to :25 (由于目标计算机积极拒绝，无法连接。
)	\includes\libraries\class.smtp.php	89
Wed, 19 Feb 2014 13:36:18 +0000	[2]fsockopen() [<a href='function.fsockopen'>function.fsockopen</a>]: unable to connect to :25 (由于目标计算机积极拒绝，无法连接。
)	\includes\libraries\class.smtp.php	89
Wed, 19 Feb 2014 13:36:26 +0000	[2]fsockopen() [<a href='function.fsockopen'>function.fsockopen</a>]: unable to connect to :25 (由于目标计算机积极拒绝，无法连接。
)	\includes\libraries\class.smtp.php	89
Thu, 20 Feb 2014 08:19:02 +0000	[2]fopen(D:\wamp\www\ecmall/temp/wechat/.php) [<a href='function.fopen'>function.fopen</a>]: failed to open stream: No such file or directory	\includes\wechat\menu.response.wechat.php	41
Thu, 20 Feb 2014 08:19:57 +0000	[2]fopen(D:\wamp\www\ecmall/temp/wechat/.php) [<a href='function.fopen'>function.fopen</a>]: failed to open stream: No such file or directory	\includes\wechat\menu.response.wechat.php	41
Thu, 20 Feb 2014 08:24:45 +0000	[2]fopen(D:\wamp\www\ecmall/temp/wechat/fromUser.php) [<a href='function.fopen'>function.fopen</a>]: failed to open stream: No such file or directory	\includes\wechat\menu.response.wechat.php	41
Thu, 20 Feb 2014 08:25:09 +0000	[2]fopen(D:\wamp\www\ecmall/temp/wechat/fromUser.php) [<a href='function.fopen'>function.fopen</a>]: failed to open stream: No such file or directory	\includes\wechat\menu.response.wechat.php	41
Thu, 20 Feb 2014 08:25:21 +0000	[2]fopen(D:\wamp\www\ecmall/temp/wechat/fromUser.php) [<a href='function.fopen'>function.fopen</a>]: failed to open stream: No such file or directory	\includes\wechat\menu.response.wechat.php	41
Thu, 20 Feb 2014 08:31:03 +0000	[2]Invalid argument supplied for foreach()	\includes\wechat\protocols.wechat.php	475
Thu, 20 Feb 2014 09:02:15 +0000	[2]include(D:\wamp\www\ecmall/temp/wechat/.php) [<a href='function.include'>function.include</a>]: failed to open stream: No such file or directory	\includes\wechat\menu.response.wechat.php	82
Thu, 20 Feb 2014 09:03:28 +0000	[2]include(D:\wamp\www\ecmall/temp/wechat/.php) [<a href='function.include'>function.include</a>]: failed to open stream: No such file or directory	\includes\wechat\menu.response.wechat.php	82
Thu, 20 Feb 2014 09:03:41 +0000	[2]include(D:\wamp\www\ecmall/temp/wechat/.php) [<a href='function.include'>function.include</a>]: failed to open stream: No such file or directory	\includes\wechat\menu.response.wechat.php	82
Thu, 20 Feb 2014 09:04:09 +0000	[2]include(D:\wamp\www\ecmall/temp/wechat/.php) [<a href='function.include'>function.include</a>]: failed to open stream: No such file or directory	\includes\wechat\menu.response.wechat.php	82
Thu, 20 Feb 2014 09:05:54 +0000	[2]include(D:\wamp\www\ecmall/temp/wechat/.php) [<a href='function.include'>function.include</a>]: failed to open stream: No such file or directory	\includes\wechat\menu.response.wechat.php	82
Thu, 20 Feb 2014 09:06:03 +0000	[2]include(D:\wamp\www\ecmall/temp/wechat/.php) [<a href='function.include'>function.include</a>]: failed to open stream: No such file or directory	\includes\wechat\menu.response.wechat.php	82
Thu, 20 Feb 2014 12:55:11 +0000	[2]DOMDocument::loadXML() [<a href='domdocument.loadxml'>domdocument.loadxml</a>]: Empty string supplied as input	\includes\wechat\protocols.wechat.php	266
Thu, 20 Feb 2014 13:13:47 +0000	[2]array_merge() [<a href='function.array-merge'>function.array-merge</a>]: Argument #2 is not an array	\app\goods.app.php	499
Thu, 20 Feb 2014 13:13:48 +0000	[2]array_merge() [<a href='function.array-merge'>function.array-merge</a>]: Argument #2 is not an array	\app\goods.app.php	499
Thu, 20 Feb 2014 13:13:59 +0000	[2]array_merge() [<a href='function.array-merge'>function.array-merge</a>]: Argument #2 is not an array	\app\goods.app.php	499
Thu, 20 Feb 2014 13:13:59 +0000	[2]array_merge() [<a href='function.array-merge'>function.array-merge</a>]: Argument #2 is not an array	\app\goods.app.php	499
Thu, 20 Feb 2014 13:15:02 +0000	[2]array_merge() [<a href='function.array-merge'>function.array-merge</a>]: Argument #2 is not an array	\app\goods.app.php	499
Thu, 20 Feb 2014 13:15:03 +0000	[2]array_merge() [<a href='function.array-merge'>function.array-merge</a>]: Argument #2 is not an array	\app\goods.app.php	499
Thu, 20 Feb 2014 13:15:17 +0000	[2]array_merge() [<a href='function.array-merge'>function.array-merge</a>]: Argument #2 is not an array	\app\goods.app.php	499
Thu, 20 Feb 2014 13:15:17 +0000	[2]array_merge() [<a href='function.array-merge'>function.array-merge</a>]: Argument #2 is not an array	\app\goods.app.php	499
Thu, 20 Feb 2014 13:15:23 +0000	[2]array_merge() [<a href='function.array-merge'>function.array-merge</a>]: Argument #2 is not an array	\app\goods.app.php	499
Thu, 20 Feb 2014 13:15:24 +0000	[2]array_merge() [<a href='function.array-merge'>function.array-merge</a>]: Argument #2 is not an array	\app\goods.app.php	499
Thu, 20 Feb 2014 13:16:17 +0000	[2]implode() [<a href='function.implode'>function.implode</a>]: Invalid arguments passed	\app\goods.app.php	499
Thu, 20 Feb 2014 13:16:19 +0000	[2]implode() [<a href='function.implode'>function.implode</a>]: Invalid arguments passed	\app\goods.app.php	499
Thu, 20 Feb 2014 13:51:41 +0000	[2]fsockopen() [<a href='function.fsockopen'>function.fsockopen</a>]: unable to connect to :25 (由于目标计算机积极拒绝，无法连接。
)	\includes\libraries\class.smtp.php	89
Thu, 20 Feb 2014 13:54:49 +0000	[2]fsockopen() [<a href='function.fsockopen'>function.fsockopen</a>]: unable to connect to :25 (由于目标计算机积极拒绝，无法连接。
)	\includes\libraries\class.smtp.php	89
Thu, 20 Feb 2014 13:55:07 +0000	[2]fsockopen() [<a href='function.fsockopen'>function.fsockopen</a>]: unable to connect to :25 (由于目标计算机积极拒绝，无法连接。
)	\includes\libraries\class.smtp.php	89
Thu, 20 Feb 2014 14:08:15 +0000	[2]Invalid argument supplied for foreach()	\app\buyer_order.app.php	445
Thu, 20 Feb 2014 14:08:20 +0000	[2]Invalid argument supplied for foreach()	\app\buyer_order.app.php	445
Thu, 20 Feb 2014 14:20:49 +0000	[2]array_merge() [<a href='function.array-merge'>function.array-merge</a>]: Argument #2 is not an array	\app\goods.app.php	499
Thu, 20 Feb 2014 14:20:50 +0000	[2]array_merge() [<a href='function.array-merge'>function.array-merge</a>]: Argument #2 is not an array	\app\goods.app.php	499
Thu, 20 Feb 2014 14:20:54 +0000	[2]array_merge() [<a href='function.array-merge'>function.array-merge</a>]: Argument #2 is not an array	\app\goods.app.php	499
Thu, 20 Feb 2014 14:20:54 +0000	[2]array_merge() [<a href='function.array-merge'>function.array-merge</a>]: Argument #2 is not an array	\app\goods.app.php	499
Thu, 20 Feb 2014 14:30:25 +0000	[2]array_merge() [<a href='function.array-merge'>function.array-merge</a>]: Argument #2 is not an array	\app\goods.app.php	499
Thu, 20 Feb 2014 14:30:25 +0000	[2]array_merge() [<a href='function.array-merge'>function.array-merge</a>]: Argument #2 is not an array	\app\goods.app.php	499
Thu, 20 Feb 2014 14:30:38 +0000	[2]array_merge() [<a href='function.array-merge'>function.array-merge</a>]: Argument #2 is not an array	\app\goods.app.php	499
Thu, 20 Feb 2014 14:30:39 +0000	[2]array_merge() [<a href='function.array-merge'>function.array-merge</a>]: Argument #2 is not an array	\app\goods.app.php	499
Thu, 20 Feb 2014 14:31:11 +0000	[2]fsockopen() [<a href='function.fsockopen'>function.fsockopen</a>]: unable to connect to :25 (由于目标计算机积极拒绝，无法连接。
)	\includes\libraries\class.smtp.php	89
Fri, 21 Feb 2014 01:49:04 +0000	[2]DOMDocument::loadXML() [<a href='domdocument.loadxml'>domdocument.loadxml</a>]: Empty string supplied as input	\includes\wechat\protocols.wechat.php	266
Fri, 21 Feb 2014 03:16:14 +0000	[2]include(D:\wamp\www\ecmall/temp/wechat/admin.php) [<a href='function.include'>function.include</a>]: failed to open stream: No such file or directory	\includes\wechat\response.wechat.php	30
Fri, 21 Feb 2014 03:17:23 +0000	[2]include(D:\wamp\www\ecmall/temp/wechat/admin.php) [<a href='function.include'>function.include</a>]: failed to open stream: No such file or directory	\includes\wechat\response.wechat.php	30
Fri, 21 Feb 2014 03:18:27 +0000	[2]include(D:\wamp\www\ecmall/temp/wechat/admin.php) [<a href='function.include'>function.include</a>]: failed to open stream: No such file or directory	\includes\wechat\response.wechat.php	30
Fri, 21 Feb 2014 03:26:35 +0000	[2]array_merge() [<a href='function.array-merge'>function.array-merge</a>]: Argument #2 is not an array	\app\goods.app.php	499
Fri, 21 Feb 2014 03:26:41 +0000	[2]array_merge() [<a href='function.array-merge'>function.array-merge</a>]: Argument #2 is not an array	\app\goods.app.php	499
Fri, 21 Feb 2014 03:38:42 +0000	[2]fsockopen() [<a href='function.fsockopen'>function.fsockopen</a>]: unable to connect to :25 (由于目标计算机积极拒绝，无法连接。
)	\includes\libraries\class.smtp.php	89
Fri, 21 Feb 2014 03:39:41 +0000	[2]fsockopen() [<a href='function.fsockopen'>function.fsockopen</a>]: unable to connect to :25 (由于目标计算机积极拒绝，无法连接。
)	\includes\libraries\class.smtp.php	89
Fri, 21 Feb 2014 03:40:15 +0000	[2]fsockopen() [<a href='function.fsockopen'>function.fsockopen</a>]: unable to connect to :25 (由于目标计算机积极拒绝，无法连接。
)	\includes\libraries\class.smtp.php	89
Fri, 21 Feb 2014 05:00:14 +0000	[2]fsockopen() [<a href='function.fsockopen'>function.fsockopen</a>]: unable to connect to :25 (由于目标计算机积极拒绝，无法连接。
)	\includes\libraries\class.smtp.php	89
Fri, 21 Feb 2014 05:00:19 +0000	[2]fsockopen() [<a href='function.fsockopen'>function.fsockopen</a>]: unable to connect to :25 (由于目标计算机积极拒绝，无法连接。
)	\includes\libraries\class.smtp.php	89
Fri, 21 Feb 2014 05:43:39 +0000	[256]MySQL Error[1064]: You have an error in your SQL syntax; check the manual that corresponds to your MySQL server version for the right syntax to use near 'NAD status in (11,20,30)' at line 1
MySQL Query:SELECT COUNT(*) as c FROM ecm_order order_alias WHERE buyer_id=1 NAD status in (11,20,30)
Wrong File:  D:\wamp\www\ecmall\eccore\model\mysql.php[458]	\eccore\model\mysql.php	286
Fri, 21 Feb 2014 06:37:09 +0000	[2]include(D:\wamp\www\ecmall/temp/wechat/admin.php) [<a href='function.include'>function.include</a>]: failed to open stream: No such file or directory	\includes\wechat\response.wechat.php	261
Sun, 23 Feb 2014 13:49:53 +0000	[2]Invalid argument supplied for foreach()	\includes\wechat\order.response.wechat.php	226
Sun, 23 Feb 2014 13:53:15 +0000	[2]Invalid argument supplied for foreach()	\includes\wechat\order.response.wechat.php	226
Sun, 23 Feb 2014 13:55:13 +0000	[2]Invalid argument supplied for foreach()	\includes\wechat\order.response.wechat.php	226
Sun, 23 Feb 2014 14:04:46 +0000	[2]Invalid argument supplied for foreach()	\includes\wechat\order.response.wechat.php	226
Sun, 23 Feb 2014 14:39:15 +0000	[2]Invalid argument supplied for foreach()	\includes\wechat\order.response.wechat.php	227
Sun, 23 Feb 2014 14:41:51 +0000	[2]Invalid argument supplied for foreach()	\includes\wechat\order.response.wechat.php	227
Sun, 23 Feb 2014 14:44:28 +0000	[2]Invalid argument supplied for foreach()	\includes\wechat\order.response.wechat.php	227
Sun, 23 Feb 2014 14:46:00 +0000	[2]Invalid argument supplied for foreach()	\includes\wechat\order.response.wechat.php	227
Sun, 23 Feb 2014 14:47:22 +0000	[2]Invalid argument supplied for foreach()	\includes\wechat\order.response.wechat.php	227
Sun, 23 Feb 2014 14:49:04 +0000	[2]Invalid argument supplied for foreach()	\includes\wechat\order.response.wechat.php	227
Sun, 23 Feb 2014 14:50:47 +0000	[2]Invalid argument supplied for foreach()	\includes\wechat\order.response.wechat.php	227
Sun, 23 Feb 2014 14:54:47 +0000	[2]Invalid argument supplied for foreach()	\includes\wechat\order.response.wechat.php	227
Sun, 23 Feb 2014 14:56:45 +0000	[2]Invalid argument supplied for foreach()	\includes\wechat\order.response.wechat.php	227
Sun, 23 Feb 2014 14:58:30 +0000	[2]Invalid argument supplied for foreach()	\includes\wechat\order.response.wechat.php	227
Sun, 23 Feb 2014 15:04:14 +0000	[2]Invalid argument supplied for foreach()	\includes\wechat\order.response.wechat.php	227
Sun, 23 Feb 2014 15:10:05 +0000	[2]Invalid argument supplied for foreach()	\includes\wechat\order.response.wechat.php	227
Mon, 24 Feb 2014 02:47:47 +0000	[2]DOMDocument::loadXML() [<a href='domdocument.loadxml'>domdocument.loadxml</a>]: Empty string supplied as input	\includes\wechat\protocols.wechat.php	266
Mon, 24 Feb 2014 05:24:10 +0000	[2]Invalid argument supplied for foreach()	\includes\wechat\order.response.wechat.php	227
Mon, 24 Feb 2014 06:27:50 +0000	[2]Invalid argument supplied for foreach()	\includes\wechat\order.response.wechat.php	241
Tue, 25 Feb 2014 14:29:38 +0000	[2]fsockopen() [<a href='function.fsockopen'>function.fsockopen</a>]: unable to connect to :25 (由于目标计算机积极拒绝，无法连接。
)	\includes\libraries\class.smtp.php	89
Tue, 25 Feb 2014 14:44:50 +0000	[2]fsockopen() [<a href='function.fsockopen'>function.fsockopen</a>]: unable to connect to :25 (由于目标计算机积极拒绝，无法连接。
)	\includes\libraries\class.smtp.php	89
