Thu, 16 Jan 2014 09:26:03 +0000	[2]fsockopen() [<a href='function.fsockopen'>function.fsockopen</a>]: unable to connect to :25 (由于目标计算机积极拒绝，无法连接。
)	\includes\libraries\class.smtp.php	89
Thu, 23 Jan 2014 07:03:16 +0000	[2]Invalid argument supplied for foreach()	\app\groupbuy.app.php	308
Thu, 23 Jan 2014 07:03:17 +0000	[2]Invalid argument supplied for foreach()	\app\groupbuy.app.php	308
Thu, 23 Jan 2014 07:03:21 +0000	[2]Invalid argument supplied for foreach()	\app\groupbuy.app.php	308
Thu, 23 Jan 2014 07:03:22 +0000	[2]Invalid argument supplied for foreach()	\app\groupbuy.app.php	308
Thu, 23 Jan 2014 07:03:23 +0000	[2]Invalid argument supplied for foreach()	\app\groupbuy.app.php	308
Thu, 23 Jan 2014 07:03:23 +0000	[2]Invalid argument supplied for foreach()	\app\groupbuy.app.php	308
Thu, 23 Jan 2014 07:03:23 +0000	[2]Invalid argument supplied for foreach()	\app\groupbuy.app.php	308
Thu, 23 Jan 2014 07:03:23 +0000	[2]Invalid argument supplied for foreach()	\app\groupbuy.app.php	308
Thu, 23 Jan 2014 07:03:24 +0000	[2]Invalid argument supplied for foreach()	\app\groupbuy.app.php	308
Thu, 23 Jan 2014 07:03:24 +0000	[2]Invalid argument supplied for foreach()	\app\groupbuy.app.php	308
Thu, 23 Jan 2014 07:03:24 +0000	[2]Invalid argument supplied for foreach()	\app\groupbuy.app.php	308
Thu, 23 Jan 2014 07:03:24 +0000	[2]Invalid argument supplied for foreach()	\app\groupbuy.app.php	308
Thu, 23 Jan 2014 07:03:24 +0000	[2]Invalid argument supplied for foreach()	\app\groupbuy.app.php	308
Thu, 23 Jan 2014 07:03:28 +0000	[2]Invalid argument supplied for foreach()	\app\groupbuy.app.php	308
Thu, 23 Jan 2014 07:03:28 +0000	[2]Invalid argument supplied for foreach()	\app\groupbuy.app.php	308
Thu, 23 Jan 2014 07:03:29 +0000	[2]Invalid argument supplied for foreach()	\app\groupbuy.app.php	308
Thu, 23 Jan 2014 07:03:31 +0000	[2]Invalid argument supplied for foreach()	\app\groupbuy.app.php	308
Tue, 28 Jan 2014 16:34:27 +0000	[2]Invalid argument supplied for foreach()	\includes\ordertypes\normal.otype.php	70
Tue, 28 Jan 2014 16:35:40 +0000	[2]Invalid argument supplied for foreach()	\includes\ordertypes\normal.otype.php	70
Tue, 28 Jan 2014 16:35:55 +0000	[2]Invalid argument supplied for foreach()	\includes\ordertypes\normal.otype.php	70
Tue, 28 Jan 2014 16:52:27 +0000	[2]fsockopen() [<a href='function.fsockopen'>function.fsockopen</a>]: unable to connect to :25 (由于目标计算机积极拒绝，无法连接。
)	\includes\libraries\class.smtp.php	89
